SF:lib/src/features/fortnite_map/model/fortnite_map.dart
DA:12,2
DA:13,2
DA:15,0
LF:3
LH:2
end_of_record
SF:lib/src/features/fortnite_map/model/fortnite_map.g.dart
DA:9,2
DA:10,2
DA:11,2
DA:14,2
DA:15,2
DA:16,2
LF:6
LH:6
end_of_record
SF:lib/src/features/user_stats/model/user_stats.dart
DA:15,0
DA:16,0
DA:18,0
LF:3
LH:0
end_of_record
SF:lib/src/features/user_stats/model/user_stats.g.dart
DA:9,0
DA:10,0
DA:11,0
DA:12,0
DA:13,0
DA:16,0
DA:17,0
DA:18,0
DA:19,0
DA:20,0
DA:21,0
LF:11
LH:0
end_of_record
SF:lib/src/features/fortnite_map/repository/fortnite_map_repository_impl.g.dart
DA:12,1
DA:18,1
DA:21,1
DA:22,1
DA:23,1
DA:24,2
DA:25,1
DA:26,1
DA:27,3
DA:29,5
DA:30,2
DA:34,1
DA:35,1
DA:36,2
DA:37,2
DA:38,1
DA:39,0
DA:41,1
LF:18
LH:17
end_of_record
SF:lib/src/features/fortnite_map/repository/fortnite_map_repository_impl.dart
DA:13,3
DA:14,0
DA:15,0
LF:3
LH:1
end_of_record
SF:lib/src/util/http_util.dart
DA:5,0
DA:6,0
DA:7,0
DA:8,0
DA:10,0
DA:11,0
DA:12,0
DA:13,0
DA:14,0
DA:15,0
DA:18,0
DA:20,0
DA:21,0
DA:22,0
DA:23,0
LF:15
LH:0
end_of_record
