SF:lib/src/features/fortnite_map/model/fortnite_map.dart
DA:12,2
DA:13,2
DA:15,4
LF:3
LH:3
end_of_record
SF:lib/src/features/fortnite_map/model/fortnite_map.g.dart
DA:9,2
DA:10,2
DA:11,2
DA:14,2
DA:15,2
DA:16,2
LF:6
LH:6
end_of_record
SF:lib/src/features/fortnite_map/repository/fortnite_map_repository_impl.g.dart
DA:12,2
DA:18,1
DA:21,1
DA:22,1
DA:23,1
DA:24,2
DA:25,1
DA:26,1
DA:27,3
DA:29,5
DA:30,2
DA:34,1
DA:35,1
DA:36,2
DA:37,2
DA:38,1
DA:39,0
DA:41,1
LF:18
LH:17
end_of_record
SF:lib/src/features/fortnite_map/repository/fortnite_map_repository_impl.dart
DA:13,9
DA:14,4
DA:15,4
LF:3
LH:3
end_of_record
SF:lib/src/features/fortnite_map/view/fortnite_map_screen.dart
DA:8,19
DA:10,2
DA:11,2
DA:15,2
DA:16,6
DA:17,10
DA:21,2
DA:23,2
DA:24,2
DA:27,2
DA:29,6
DA:30,4
DA:32,2
DA:33,2
DA:34,2
DA:36,2
DA:37,2
DA:38,2
DA:40,2
DA:41,2
DA:44,2
DA:45,2
DA:47,2
DA:48,2
DA:51,1
DA:52,1
DA:57,1
LF:27
LH:27
end_of_record
SF:lib/src/features/fortnite_map/view_model/fortnite_map_provider.dart
DA:6,6
DA:7,3
DA:8,8
DA:14,3
DA:15,9
DA:17,3
DA:19,3
DA:20,6
DA:21,6
DA:23,4
LF:10
LH:10
end_of_record
SF:lib/src/util/http_util.dart
DA:5,18
DA:6,6
DA:7,6
DA:8,6
DA:10,6
DA:11,12
DA:12,12
DA:13,6
DA:14,0
DA:15,0
DA:18,0
DA:20,0
DA:21,0
DA:22,0
DA:23,0
LF:15
LH:8
end_of_record
SF:lib/src/util/widgets/error_widget.dart
DA:8,2
DA:12,2
DA:13,2
DA:17,10
DA:19,2
DA:20,2
DA:21,2
DA:22,1
DA:28,2
DA:30,2
DA:33,2
DA:35,2
DA:37,2
DA:39,2
DA:40,2
DA:41,4
LF:16
LH:16
end_of_record
SF:lib/src/features/fortnite_shop/repository/fortnite_shop_repository_impl.g.dart
DA:12,2
DA:18,1
DA:21,1
DA:22,1
DA:23,1
DA:24,2
DA:25,1
DA:26,1
DA:27,3
DA:29,5
DA:30,2
DA:34,1
DA:35,1
DA:36,2
DA:37,2
DA:38,1
DA:39,0
DA:41,1
LF:18
LH:17
end_of_record
SF:lib/src/features/fortnite_shop/repository/fortnite_shop_repository_impl.dart
DA:13,9
DA:14,4
DA:15,4
LF:3
LH:3
end_of_record
SF:lib/src/features/fortnite_shop/view/fortnite_shop_screen.dart
DA:8,19
DA:10,1
DA:11,1
DA:15,1
DA:16,3
DA:17,5
DA:21,1
DA:22,1
DA:23,1
DA:24,1
DA:25,1
DA:27,2
DA:28,1
DA:29,2
DA:36,1
DA:38,1
DA:39,1
DA:42,1
DA:44,3
DA:46,1
DA:47,1
DA:48,1
DA:49,1
DA:50,1
DA:53,1
DA:54,3
DA:55,3
DA:56,3
DA:57,3
DA:58,3
DA:59,3
DA:63,1
DA:64,1
DA:65,1
DA:69,1
DA:80,1
DA:81,1
DA:83,1
DA:84,2
DA:85,1
DA:86,1
DA:87,2
DA:88,2
DA:90,1
DA:91,1
DA:92,2
DA:95,2
DA:96,1
DA:97,1
DA:101,1
DA:104,1
LF:51
LH:51
end_of_record
SF:lib/src/features/fortnite_shop/view_model/fortnite_shop_provider.dart
DA:7,4
DA:8,2
DA:9,8
DA:15,2
DA:16,6
DA:18,2
DA:20,2
DA:21,4
DA:22,4
DA:24,4
LF:10
LH:10
end_of_record
SF:lib/src/features/fortnite_shop/model/entry/entry.dart
DA:19,8
DA:21,1
LF:2
LH:2
end_of_record
SF:lib/src/features/fortnite_shop/model/entry/entry.g.dart
DA:9,8
DA:10,4
DA:11,4
DA:12,4
DA:13,12
DA:14,4
DA:15,4
DA:16,4
DA:17,4
DA:20,8
DA:21,4
DA:22,4
DA:23,4
DA:24,4
DA:25,4
DA:26,4
LF:16
LH:16
end_of_record
SF:lib/src/features/fortnite_shop/model/fortnite_shop/fortnite_shop.dart
DA:16,2
DA:17,2
DA:19,6
DA:20,3
DA:21,3
DA:22,3
LF:6
LH:6
end_of_record
SF:lib/src/features/fortnite_shop/model/fortnite_shop/fortnite_shop.g.dart
DA:9,2
DA:10,2
DA:11,4
DA:12,4
DA:14,4
DA:17,2
DA:18,2
DA:19,2
DA:20,2
DA:21,2
LF:10
LH:10
end_of_record
SF:lib/src/features/fortnite_shop/model/images/images.dart
DA:11,12
DA:13,2
LF:2
LH:2
end_of_record
SF:lib/src/features/fortnite_shop/model/images/images.g.dart
DA:9,12
DA:10,6
DA:11,6
DA:12,6
DA:15,12
DA:16,6
DA:17,6
DA:18,6
LF:8
LH:8
end_of_record
SF:lib/src/features/fortnite_shop/model/item/item.dart
DA:21,10
DA:23,2
DA:28,1
LF:3
LH:3
end_of_record
SF:lib/src/features/fortnite_shop/model/item/item.g.dart
DA:9,10
DA:10,5
DA:11,5
DA:12,5
DA:13,5
DA:14,10
DA:15,5
DA:16,5
DA:17,5
DA:20,10
DA:21,5
DA:22,5
DA:23,5
DA:24,5
DA:25,5
DA:26,5
DA:27,5
DA:28,5
LF:18
LH:18
end_of_record
SF:lib/src/features/fortnite_shop/model/shop_section/shop_section.dart
DA:13,3
DA:14,3
DA:16,4
LF:3
LH:3
end_of_record
SF:lib/src/features/fortnite_shop/model/shop_section/shop_section.g.dart
DA:9,3
DA:10,3
DA:11,3
DA:12,9
DA:13,3
DA:14,3
DA:17,3
DA:18,3
DA:19,3
DA:20,3
LF:10
LH:10
end_of_record
SF:lib/src/features/user_stats/model/user_stats.dart
DA:15,2
DA:16,2
DA:18,4
LF:3
LH:3
end_of_record
SF:lib/src/features/user_stats/model/user_stats.g.dart
DA:9,4
DA:10,2
DA:11,2
DA:12,2
DA:13,4
DA:16,2
DA:17,2
DA:18,2
DA:19,2
DA:20,2
DA:21,2
LF:11
LH:11
end_of_record
SF:lib/src/features/user_stats/repository/user_stats_repository_impl.g.dart
DA:12,2
DA:18,1
DA:21,1
DA:22,1
DA:23,1
DA:24,2
DA:25,1
DA:26,1
DA:27,4
DA:29,5
DA:30,2
DA:34,1
DA:35,1
DA:36,2
DA:37,2
DA:38,1
DA:39,0
DA:41,1
LF:18
LH:17
end_of_record
SF:lib/src/features/user_stats/repository/user_stats_repository_impl.dart
DA:13,6
DA:14,4
DA:15,4
LF:3
LH:3
end_of_record
SF:lib/src/features/user_stats/view/user_stats_screen.dart
DA:7,19
DA:9,2
DA:10,2
DA:16,1
DA:17,2
DA:18,1
DA:19,1
DA:20,3
DA:21,3
DA:26,2
DA:28,2
DA:29,4
DA:32,2
DA:34,6
DA:36,2
DA:37,2
DA:38,2
DA:40,2
DA:41,2
DA:43,2
DA:44,2
DA:45,2
DA:47,2
DA:57,2
DA:59,2
DA:60,2
DA:61,4
DA:62,2
DA:65,1
DA:68,1
DA:69,2
DA:70,3
DA:71,3
DA:72,3
DA:73,3
DA:77,1
DA:78,1
DA:80,2
DA:82,1
LF:39
LH:39
end_of_record
SF:lib/src/features/user_stats/view_model/user_stats_provider.dart
DA:7,6
DA:8,3
DA:9,4
DA:15,3
DA:16,9
DA:18,2
DA:20,2
DA:21,4
DA:24,2
DA:26,4
LF:10
LH:10
end_of_record
SF:lib/src/util/widgets/entrypoint_widget.dart
DA:8,1
DA:10,1
DA:11,1
DA:23,1
DA:25,1
DA:26,1
DA:29,1
DA:31,1
DA:33,1
DA:35,3
DA:36,1
DA:37,2
DA:38,1
DA:39,1
DA:40,3
DA:42,1
DA:44,3
DA:46,1
DA:47,2
DA:51,1
LF:20
LH:20
end_of_record
